[lsxs.me/traffic-ohio.html]
[www.google-analytics.com/analytics.js]
[lsxs.me/images/favicon3.ico]
[backblue.gif]
[fade.gif]
[index.html]
[ajax.googleapis.com/ajax/libs/jquery/3.5.1/jquery.min.js]
[use.typekit.net/uok8swb.css]
[lsxs.me/Infinite-Lights/css/base.css]
[lsxs.me/Infinite-Lights/js/InfiniteLights.js]
[lsxs.me/traffic-ohio.html]
[lsxs.me/Infinite-Lights/js/Distortions.js]
[lsxs.me/Infinite-Lights/js/three.min.js]
[lsxs.me/Infinite-Lights/js/postprocessing.min.js]
[use.typekit.net/af/a8a439/00000000000000003b9b21dc/27/le196]
[use.typekit.net/af/a8a439/00000000000000003b9b21dc/27/de196]
[use.typekit.net/af/a8a439/00000000000000003b9b21dc/27/ae196]
[use.typekit.net/af/077186/00000000000000000001793e/27/le196]
[use.typekit.net/af/077186/00000000000000000001793e/27/de196]
[use.typekit.net/af/077186/00000000000000000001793e/27/ae196]
[use.typekit.net/af/657ff9/000000000000000000014a2e/27/le196]
[use.typekit.net/af/657ff9/000000000000000000014a2e/27/de196]
[use.typekit.net/uok8swb.css]
[use.typekit.net/af/657ff9/000000000000000000014a2e/27/ae196]
[lsxs.me/Infinite-Lights/css/base.css]
[p.typekit.net/p76f2.css]
